[debug] [2026-05-22T17:30:52.737Z] ----------------------------------------------------------------------
[debug] [2026-05-22T17:30:52.739Z] Command:       /Users/mateus/.nvm/versions/node/v20.19.0/bin/node /Users/mateus/.nvm/versions/node/v20.19.0/bin/firebase init
[debug] [2026-05-22T17:30:52.739Z] CLI Version:   15.18.0
[debug] [2026-05-22T17:30:52.739Z] Platform:      darwin
[debug] [2026-05-22T17:30:52.739Z] Node Version:  v20.19.0
[debug] [2026-05-22T17:30:52.739Z] Time:          Fri May 22 2026 14:30:52 GMT-0300 (Brasilia Standard Time)
[debug] [2026-05-22T17:30:52.739Z] ----------------------------------------------------------------------
[debug] 
[info] 
     ######## #### ########  ######## ########     ###     ######  ########
     ##        ##  ##     ## ##       ##     ##  ##   ##  ##       ##
     ######    ##  ########  ######   ########  #########  ######  ######
     ##        ##  ##    ##  ##       ##     ## ##     ##       ## ##
     ##       #### ##     ## ######## ########  ##     ##  ######  ########

You're about to initialize a Firebase project in this directory:

  /Users/mateus/Desktop/Projetos/pokedex

[debug] [2026-05-22T17:31:11.824Z] ExitPromptError: User force closed the prompt with SIGINT
    at Interface.sigint (/Users/mateus/.nvm/versions/node/v20.19.0/lib/node_modules/firebase-tools/node_modules/@inquirer/core/dist/commonjs/lib/create-prompt.js:101:37)
    at Interface.emit (node:events:524:28)
    at [_ttyWrite] [as _ttyWrite] (node:internal/readline/interface:1125:18)
    at ReadStream.onkeypress (node:internal/readline/interface:264:20)
    at ReadStream.emit (node:events:536:35)
    at emitKeys (node:internal/readline/utils:371:14)
    at emitKeys.next (<anonymous>)
    at ReadStream.onData (node:internal/readline/emitKeypressEvents:64:36)
    at ReadStream.emit (node:events:524:28)
    at addChunk (node:internal/streams/readable:561:12)
[error] 
[error] Error: An unexpected error has occurred.
